<?xml version="1.0" encoding="UTF-8"?>
<!-- Generated by org.testng.reporters.JUnitReportReporter -->
<testsuite hostname="Gudiya" failures="0" tests="1" name="com.amazon.homepage.AmazonWristWatchAssignment" time="47.732" errors="0" timestamp="2025-10-07T15:31:45 IST" skipped="0">
  <testcase classname="com.amazon.homepage.AmazonWristWatchAssignment" name="amazonFilterTestCases" time="47.732"/>
  <system-out/>
</testsuite> <!-- com.amazon.homepage.AmazonWristWatchAssignment -->
